<?xml version="1.0" encoding="UTF-8"?>
<robot generator="Robot 6.0.2 (Python 3.9.10 on win32)" generated="20230605 19:01:25.468" rpa="false" schemaversion="3">
<suite id="s1" name="File" source="G:\record\universe-master\src\test\java\robotframework\acceptance\file.robot">
<test id="s1-t1" name="Disabled Registration" line="5">
<kw name="Open Browser" library="SeleniumLibrary">
<arg>http://127.0.0.1:7000/</arg>
<arg>chrome</arg>
<doc>Opens a new browser instance to the optional ``url``.</doc>
<msg timestamp="20230605 19:01:25.691" level="INFO">Opening browser 'chrome' to base url 'http://127.0.0.1:7000/'.</msg>
<msg timestamp="20230605 19:01:25.704" level="INFO">Applicable driver not found; attempting to install with Selenium Manager (Beta)</msg>
<status status="PASS" starttime="20230605 19:01:25.690" endtime="20230605 19:01:29.853"/>
</kw>
<kw name="Set Window Size" library="SeleniumLibrary">
<arg>974</arg>
<arg>1040</arg>
<doc>Sets current windows size to given ``width`` and ``height``.</doc>
<status status="PASS" starttime="20230605 19:01:29.853" endtime="20230605 19:01:29.979"/>
</kw>
<kw name="Click Element" library="SeleniumLibrary">
<arg>css=.hero__button</arg>
<doc>Click the element identified by ``locator``.</doc>
<msg timestamp="20230605 19:01:29.981" level="INFO">Clicking element 'css=.hero__button'.</msg>
<status status="PASS" starttime="20230605 19:01:29.980" endtime="20230605 19:01:30.122"/>
</kw>
<kw name="Input Text" library="SeleniumLibrary">
<arg>id=sign-up__first-name</arg>
<arg>Andrii</arg>
<doc>Types the given ``text`` into the text field identified by ``locator``.</doc>
<msg timestamp="20230605 19:01:30.123" level="INFO">Typing text 'Andrii' into text field 'id=sign-up__first-name'.</msg>
<status status="PASS" starttime="20230605 19:01:30.123" endtime="20230605 19:01:30.230"/>
</kw>
<kw name="Input Text" library="SeleniumLibrary">
<arg>id=sign-up__last-name</arg>
<arg>Psarov</arg>
<doc>Types the given ``text`` into the text field identified by ``locator``.</doc>
<msg timestamp="20230605 19:01:30.231" level="INFO">Typing text 'Psarov' into text field 'id=sign-up__last-name'.</msg>
<status status="PASS" starttime="20230605 19:01:30.231" endtime="20230605 19:01:30.305"/>
</kw>
<kw name="Input Text" library="SeleniumLibrary">
<arg>id=sign-up__password</arg>
<arg>gdfhderfh</arg>
<doc>Types the given ``text`` into the text field identified by ``locator``.</doc>
<msg timestamp="20230605 19:01:30.306" level="INFO">Typing text 'gdfhderfh' into text field 'id=sign-up__password'.</msg>
<status status="PASS" starttime="20230605 19:01:30.305" endtime="20230605 19:01:30.380"/>
</kw>
<kw name="Click Element" library="SeleniumLibrary">
<arg>css=.form__button</arg>
<doc>Click the element identified by ``locator``.</doc>
<msg timestamp="20230605 19:01:30.381" level="INFO">Clicking element 'css=.form__button'.</msg>
<status status="PASS" starttime="20230605 19:01:30.381" endtime="20230605 19:01:30.426"/>
</kw>
<kw name="Get Text" library="SeleniumLibrary">
<var>${feedback}</var>
<arg>css=.form__row:nth-child(4) &gt; .form__feedback</arg>
<doc>Returns the text value of the element identified by ``locator``.</doc>
<msg timestamp="20230605 19:01:30.455" level="INFO">${feedback} = Enter a valid email</msg>
<status status="PASS" starttime="20230605 19:01:30.426" endtime="20230605 19:01:30.455"/>
</kw>
<kw name="Should Be Equal As Strings" library="BuiltIn">
<arg>${feedback}</arg>
<arg>Enter a valid email</arg>
<doc>Fails if objects are unequal after converting them to strings.</doc>
<status status="PASS" starttime="20230605 19:01:30.456" endtime="20230605 19:01:30.456"/>
</kw>
<kw name="Close Browser" library="SeleniumLibrary" type="TEARDOWN">
<doc>Closes the current browser.</doc>
<status status="PASS" starttime="20230605 19:01:30.457" endtime="20230605 19:01:32.576"/>
</kw>
<status status="PASS" starttime="20230605 19:01:25.690" endtime="20230605 19:01:32.576"/>
</test>
<test id="s1-t2" name="Login" line="17">
<kw name="Open Browser" library="SeleniumLibrary">
<arg>http://127.0.0.1:7000/</arg>
<arg>chrome</arg>
<doc>Opens a new browser instance to the optional ``url``.</doc>
<msg timestamp="20230605 19:01:32.578" level="INFO">Opening browser 'chrome' to base url 'http://127.0.0.1:7000/'.</msg>
<msg timestamp="20230605 19:01:32.591" level="INFO">Applicable driver not found; attempting to install with Selenium Manager (Beta)</msg>
<status status="PASS" starttime="20230605 19:01:32.577" endtime="20230605 19:01:36.271"/>
</kw>
<kw name="Set Window Size" library="SeleniumLibrary">
<arg>974</arg>
<arg>1040</arg>
<doc>Sets current windows size to given ``width`` and ``height``.</doc>
<status status="PASS" starttime="20230605 19:01:36.272" endtime="20230605 19:01:36.389"/>
</kw>
<kw name="Wait Until Element Is Visible" library="SeleniumLibrary">
<arg>link=Sign in</arg>
<doc>Waits until the element ``locator`` is visible.</doc>
<status status="PASS" starttime="20230605 19:01:36.389" endtime="20230605 19:01:36.424"/>
</kw>
<kw name="Click Element" library="SeleniumLibrary">
<arg>link=Sign in</arg>
<doc>Click the element identified by ``locator``.</doc>
<msg timestamp="20230605 19:01:36.425" level="INFO">Clicking element 'link=Sign in'.</msg>
<status status="PASS" starttime="20230605 19:01:36.425" endtime="20230605 19:01:36.527"/>
</kw>
<kw name="Wait Until Element Is Visible" library="SeleniumLibrary">
<arg>id=sign-in__email</arg>
<doc>Waits until the element ``locator`` is visible.</doc>
<status status="PASS" starttime="20230605 19:01:36.529" endtime="20230605 19:01:36.564"/>
</kw>
<kw name="Input Text" library="SeleniumLibrary">
<arg>id=sign-in__email</arg>
<arg>psarevandrej325@gmail.com</arg>
<doc>Types the given ``text`` into the text field identified by ``locator``.</doc>
<msg timestamp="20230605 19:01:36.565" level="INFO">Typing text 'psarevandrej325@gmail.com' into text field 'id=sign-in__email'.</msg>
<status status="PASS" starttime="20230605 19:01:36.564" endtime="20230605 19:01:36.673"/>
</kw>
<kw name="Wait Until Element Is Visible" library="SeleniumLibrary">
<arg>id=sign-in__password</arg>
<doc>Waits until the element ``locator`` is visible.</doc>
<status status="PASS" starttime="20230605 19:01:36.673" endtime="20230605 19:01:36.693"/>
</kw>
<kw name="Input Password" library="SeleniumLibrary">
<arg>id=sign-in__password</arg>
<arg>Fylhtq2001!</arg>
<doc>Types the given password into the text field identified by ``locator``.</doc>
<msg timestamp="20230605 19:01:36.694" level="INFO">Typing password into text field 'id=sign-in__password'.</msg>
<msg timestamp="20230605 19:01:36.724" level="INFO">Temporally setting log level to: NONE</msg>
<msg timestamp="20230605 19:01:36.778" level="INFO">Log level changed from NONE to INFO.</msg>
<status status="PASS" starttime="20230605 19:01:36.693" endtime="20230605 19:01:36.778"/>
</kw>
<kw name="Wait Until Element Is Visible" library="SeleniumLibrary">
<arg>css=.form__button</arg>
<doc>Waits until the element ``locator`` is visible.</doc>
<status status="PASS" starttime="20230605 19:01:36.779" endtime="20230605 19:01:36.800"/>
</kw>
<kw name="Click Element" library="SeleniumLibrary">
<arg>css=.form__button</arg>
<doc>Click the element identified by ``locator``.</doc>
<msg timestamp="20230605 19:01:36.801" level="INFO">Clicking element 'css=.form__button'.</msg>
<status status="PASS" starttime="20230605 19:01:36.800" endtime="20230605 19:01:36.947"/>
</kw>
<kw name="Wait Until Page Contains" library="SeleniumLibrary">
<arg>Home | Universe</arg>
<doc>Waits until ``text`` appears on the current page.</doc>
<status status="PASS" starttime="20230605 19:01:36.947" endtime="20230605 19:01:36.961"/>
</kw>
<status status="PASS" starttime="20230605 19:01:32.577" endtime="20230605 19:01:36.962"/>
</test>
<test id="s1-t3" name="Successful Add Blog Post" line="35">
<kw name="Open Browser" library="SeleniumLibrary">
<arg>http://127.0.0.1:7000/</arg>
<arg>chrome</arg>
<doc>Opens a new browser instance to the optional ``url``.</doc>
<msg timestamp="20230605 19:01:36.965" level="INFO">Opening browser 'chrome' to base url 'http://127.0.0.1:7000/'.</msg>
<msg timestamp="20230605 19:01:36.983" level="INFO">Applicable driver not found; attempting to install with Selenium Manager (Beta)</msg>
<status status="PASS" starttime="20230605 19:01:36.964" endtime="20230605 19:01:40.789"/>
</kw>
<kw name="Set Window Size" library="SeleniumLibrary">
<arg>974</arg>
<arg>1040</arg>
<doc>Sets current windows size to given ``width`` and ``height``.</doc>
<status status="PASS" starttime="20230605 19:01:40.790" endtime="20230605 19:01:40.918"/>
</kw>
<kw name="Wait Until Element Is Visible" library="SeleniumLibrary">
<arg>link=Sign in</arg>
<doc>Waits until the element ``locator`` is visible.</doc>
<status status="PASS" starttime="20230605 19:01:40.920" endtime="20230605 19:01:40.965"/>
</kw>
<kw name="Click Element" library="SeleniumLibrary">
<arg>link=Sign in</arg>
<doc>Click the element identified by ``locator``.</doc>
<msg timestamp="20230605 19:01:40.966" level="INFO">Clicking element 'link=Sign in'.</msg>
<status status="PASS" starttime="20230605 19:01:40.966" endtime="20230605 19:01:41.058"/>
</kw>
<kw name="Wait Until Element Is Visible" library="SeleniumLibrary">
<arg>id=sign-in__email</arg>
<doc>Waits until the element ``locator`` is visible.</doc>
<status status="PASS" starttime="20230605 19:01:41.060" endtime="20230605 19:01:41.093"/>
</kw>
<kw name="Input Text" library="SeleniumLibrary">
<arg>id=sign-in__email</arg>
<arg>psarevandrej325@gmail.com</arg>
<doc>Types the given ``text`` into the text field identified by ``locator``.</doc>
<msg timestamp="20230605 19:01:41.094" level="INFO">Typing text 'psarevandrej325@gmail.com' into text field 'id=sign-in__email'.</msg>
<status status="PASS" starttime="20230605 19:01:41.093" endtime="20230605 19:01:41.203"/>
</kw>
<kw name="Wait Until Element Is Visible" library="SeleniumLibrary">
<arg>id=sign-in__password</arg>
<doc>Waits until the element ``locator`` is visible.</doc>
<status status="PASS" starttime="20230605 19:01:41.204" endtime="20230605 19:01:41.223"/>
</kw>
<kw name="Input Password" library="SeleniumLibrary">
<arg>id=sign-in__password</arg>
<arg>Fylhtq2001!</arg>
<doc>Types the given password into the text field identified by ``locator``.</doc>
<msg timestamp="20230605 19:01:41.224" level="INFO">Typing password into text field 'id=sign-in__password'.</msg>
<msg timestamp="20230605 19:01:41.252" level="INFO">Temporally setting log level to: NONE</msg>
<msg timestamp="20230605 19:01:41.306" level="INFO">Log level changed from NONE to INFO.</msg>
<status status="PASS" starttime="20230605 19:01:41.223" endtime="20230605 19:01:41.306"/>
</kw>
<kw name="Wait Until Element Is Visible" library="SeleniumLibrary">
<arg>css=.form__button</arg>
<doc>Waits until the element ``locator`` is visible.</doc>
<status status="PASS" starttime="20230605 19:01:41.306" endtime="20230605 19:01:41.328"/>
</kw>
<kw name="Click Element" library="SeleniumLibrary">
<arg>css=.form__button</arg>
<doc>Click the element identified by ``locator``.</doc>
<msg timestamp="20230605 19:01:41.329" level="INFO">Clicking element 'css=.form__button'.</msg>
<status status="PASS" starttime="20230605 19:01:41.329" endtime="20230605 19:01:41.647"/>
</kw>
<kw name="Wait Until Element Is Visible" library="SeleniumLibrary">
<arg>link=Read more</arg>
<doc>Waits until the element ``locator`` is visible.</doc>
<status status="PASS" starttime="20230605 19:01:41.650" endtime="20230605 19:01:41.684"/>
</kw>
<kw name="Click Element" library="SeleniumLibrary">
<arg>link=Read more</arg>
<doc>Click the element identified by ``locator``.</doc>
<msg timestamp="20230605 19:01:41.686" level="INFO">Clicking element 'link=Read more'.</msg>
<status status="PASS" starttime="20230605 19:01:41.686" endtime="20230605 19:01:41.785"/>
</kw>
<kw name="Wait Until Element Is Visible" library="SeleniumLibrary">
<arg>css=.comment-form__textarea</arg>
<doc>Waits until the element ``locator`` is visible.</doc>
<status status="PASS" starttime="20230605 19:01:41.785" endtime="20230605 19:01:41.811"/>
</kw>
<kw name="Input Text" library="SeleniumLibrary">
<arg>css=.comment-form__textarea</arg>
<arg>new comment</arg>
<doc>Types the given ``text`` into the text field identified by ``locator``.</doc>
<msg timestamp="20230605 19:01:41.812" level="INFO">Typing text 'new comment' into text field 'css=.comment-form__textarea'.</msg>
<status status="PASS" starttime="20230605 19:01:41.811" endtime="20230605 19:01:41.900"/>
</kw>
<kw name="Wait Until Element Is Visible" library="SeleniumLibrary">
<arg>css=.comment-form__button:nth-child(1)</arg>
<doc>Waits until the element ``locator`` is visible.</doc>
<status status="PASS" starttime="20230605 19:01:41.902" endtime="20230605 19:01:41.924"/>
</kw>
<kw name="Click Element" library="SeleniumLibrary">
<arg>css=.comment-form__button:nth-child(1)</arg>
<doc>Click the element identified by ``locator``.</doc>
<msg timestamp="20230605 19:01:41.925" level="INFO">Clicking element 'css=.comment-form__button:nth-child(1)'.</msg>
<status status="PASS" starttime="20230605 19:01:41.925" endtime="20230605 19:01:42.070"/>
</kw>
<status status="PASS" starttime="20230605 19:01:36.963" endtime="20230605 19:01:42.071"/>
</test>
<test id="s1-t4" name="Successful Add Comment" line="60">
<kw name="Open Browser" library="SeleniumLibrary">
<arg>http://127.0.0.1:7000/</arg>
<arg>chrome</arg>
<doc>Opens a new browser instance to the optional ``url``.</doc>
<msg timestamp="20230605 19:01:42.074" level="INFO">Opening browser 'chrome' to base url 'http://127.0.0.1:7000/'.</msg>
<msg timestamp="20230605 19:01:42.094" level="INFO">Applicable driver not found; attempting to install with Selenium Manager (Beta)</msg>
<status status="PASS" starttime="20230605 19:01:42.073" endtime="20230605 19:01:46.070"/>
</kw>
<kw name="Set Window Size" library="SeleniumLibrary">
<arg>974</arg>
<arg>1040</arg>
<doc>Sets current windows size to given ``width`` and ``height``.</doc>
<status status="PASS" starttime="20230605 19:01:46.071" endtime="20230605 19:01:46.195"/>
</kw>
<kw name="Wait Until Page Contains Element" library="SeleniumLibrary">
<arg>link=Sign in</arg>
<doc>Waits until the element ``locator`` appears on the current page.</doc>
<status status="PASS" starttime="20230605 19:01:46.195" endtime="20230605 19:01:46.223"/>
</kw>
<kw name="Click Element" library="SeleniumLibrary">
<arg>link=Sign in</arg>
<doc>Click the element identified by ``locator``.</doc>
<msg timestamp="20230605 19:01:46.225" level="INFO">Clicking element 'link=Sign in'.</msg>
<status status="PASS" starttime="20230605 19:01:46.224" endtime="20230605 19:01:46.325"/>
</kw>
<kw name="Wait Until Page Contains Element" library="SeleniumLibrary">
<arg>id=sign-in__email</arg>
<doc>Waits until the element ``locator`` appears on the current page.</doc>
<status status="PASS" starttime="20230605 19:01:46.325" endtime="20230605 19:01:46.340"/>
</kw>
<kw name="Input Text" library="SeleniumLibrary">
<arg>id=sign-in__email</arg>
<arg>psarevandrej325@gmail.com</arg>
<doc>Types the given ``text`` into the text field identified by ``locator``.</doc>
<msg timestamp="20230605 19:01:46.341" level="INFO">Typing text 'psarevandrej325@gmail.com' into text field 'id=sign-in__email'.</msg>
<status status="PASS" starttime="20230605 19:01:46.340" endtime="20230605 19:01:46.465"/>
</kw>
<kw name="Wait Until Page Contains Element" library="SeleniumLibrary">
<arg>id=sign-in__password</arg>
<doc>Waits until the element ``locator`` appears on the current page.</doc>
<status status="PASS" starttime="20230605 19:01:46.466" endtime="20230605 19:01:46.478"/>
</kw>
<kw name="Input Password" library="SeleniumLibrary">
<arg>id=sign-in__password</arg>
<arg>Fylhtq2001!</arg>
<doc>Types the given password into the text field identified by ``locator``.</doc>
<msg timestamp="20230605 19:01:46.479" level="INFO">Typing password into text field 'id=sign-in__password'.</msg>
<msg timestamp="20230605 19:01:46.514" level="INFO">Temporally setting log level to: NONE</msg>
<msg timestamp="20230605 19:01:46.565" level="INFO">Log level changed from NONE to INFO.</msg>
<status status="PASS" starttime="20230605 19:01:46.479" endtime="20230605 19:01:46.565"/>
</kw>
<kw name="Wait Until Page Contains Element" library="SeleniumLibrary">
<arg>css=.form__button</arg>
<doc>Waits until the element ``locator`` appears on the current page.</doc>
<status status="PASS" starttime="20230605 19:01:46.567" endtime="20230605 19:01:46.580"/>
</kw>
<kw name="Click Element" library="SeleniumLibrary">
<arg>css=.form__button</arg>
<doc>Click the element identified by ``locator``.</doc>
<msg timestamp="20230605 19:01:46.583" level="INFO">Clicking element 'css=.form__button'.</msg>
<status status="PASS" starttime="20230605 19:01:46.583" endtime="20230605 19:01:46.764"/>
</kw>
<kw name="Wait Until Page Contains Element" library="SeleniumLibrary">
<arg>link=New post</arg>
<doc>Waits until the element ``locator`` appears on the current page.</doc>
<status status="PASS" starttime="20230605 19:01:46.765" endtime="20230605 19:01:46.785"/>
</kw>
<kw name="Click Element" library="SeleniumLibrary">
<arg>link=New post</arg>
<doc>Click the element identified by ``locator``.</doc>
<msg timestamp="20230605 19:01:46.787" level="INFO">Clicking element 'link=New post'.</msg>
<status status="PASS" starttime="20230605 19:01:46.786" endtime="20230605 19:01:46.979"/>
</kw>
<status status="PASS" starttime="20230605 19:01:42.072" endtime="20230605 19:01:46.979"/>
</test>
<test id="s1-t5" name="Successful Registration" line="81">
<kw name="Open Browser" library="SeleniumLibrary">
<arg>http://127.0.0.1:7000/</arg>
<arg>chrome</arg>
<doc>Opens a new browser instance to the optional ``url``.</doc>
<msg timestamp="20230605 19:01:46.981" level="INFO">Opening browser 'chrome' to base url 'http://127.0.0.1:7000/'.</msg>
<msg timestamp="20230605 19:01:46.999" level="INFO">Applicable driver not found; attempting to install with Selenium Manager (Beta)</msg>
<status status="PASS" starttime="20230605 19:01:46.981" endtime="20230605 19:01:50.518"/>
</kw>
<kw name="Set Window Size" library="SeleniumLibrary">
<arg>974</arg>
<arg>1040</arg>
<doc>Sets current windows size to given ``width`` and ``height``.</doc>
<status status="PASS" starttime="20230605 19:01:50.519" endtime="20230605 19:01:50.647"/>
</kw>
<kw name="Click Element" library="SeleniumLibrary">
<arg>css=.hero__button</arg>
<doc>Click the element identified by ``locator``.</doc>
<msg timestamp="20230605 19:01:50.649" level="INFO">Clicking element 'css=.hero__button'.</msg>
<status status="PASS" starttime="20230605 19:01:50.648" endtime="20230605 19:01:50.808"/>
</kw>
<kw name="Input Text" library="SeleniumLibrary">
<arg>id=sign-up__first-name</arg>
<arg>Andrei</arg>
<doc>Types the given ``text`` into the text field identified by ``locator``.</doc>
<msg timestamp="20230605 19:01:50.809" level="INFO">Typing text 'Andrei' into text field 'id=sign-up__first-name'.</msg>
<status status="PASS" starttime="20230605 19:01:50.809" endtime="20230605 19:01:50.925"/>
</kw>
<kw name="Input Text" library="SeleniumLibrary">
<arg>id=sign-up__last-name</arg>
<arg>Psarev</arg>
<doc>Types the given ``text`` into the text field identified by ``locator``.</doc>
<msg timestamp="20230605 19:01:50.926" level="INFO">Typing text 'Psarev' into text field 'id=sign-up__last-name'.</msg>
<status status="PASS" starttime="20230605 19:01:50.925" endtime="20230605 19:01:51.007"/>
</kw>
<kw name="Input Text" library="SeleniumLibrary">
<arg>id=sign-up__email</arg>
<arg>psarevandrej327@gmail.com</arg>
<doc>Types the given ``text`` into the text field identified by ``locator``.</doc>
<msg timestamp="20230605 19:01:51.009" level="INFO">Typing text 'psarevandrej327@gmail.com' into text field 'id=sign-up__email'.</msg>
<status status="PASS" starttime="20230605 19:01:51.008" endtime="20230605 19:01:51.104"/>
</kw>
<kw name="Input Password" library="SeleniumLibrary">
<arg>id=sign-up__password</arg>
<arg>Fylhtq2001!</arg>
<doc>Types the given password into the text field identified by ``locator``.</doc>
<msg timestamp="20230605 19:01:51.105" level="INFO">Typing password into text field 'id=sign-up__password'.</msg>
<msg timestamp="20230605 19:01:51.143" level="INFO">Temporally setting log level to: NONE</msg>
<msg timestamp="20230605 19:01:51.195" level="INFO">Log level changed from NONE to INFO.</msg>
<status status="PASS" starttime="20230605 19:01:51.104" endtime="20230605 19:01:51.195"/>
</kw>
<kw name="Input Password" library="SeleniumLibrary">
<arg>id=sign-up__confirm-password</arg>
<arg>Fylhtq2001!</arg>
<doc>Types the given password into the text field identified by ``locator``.</doc>
<msg timestamp="20230605 19:01:51.196" level="INFO">Typing password into text field 'id=sign-up__confirm-password'.</msg>
<msg timestamp="20230605 19:01:51.231" level="INFO">Temporally setting log level to: NONE</msg>
<msg timestamp="20230605 19:01:51.285" level="INFO">Log level changed from NONE to INFO.</msg>
<status status="PASS" starttime="20230605 19:01:51.195" endtime="20230605 19:01:51.285"/>
</kw>
<kw name="Click Element" library="SeleniumLibrary">
<arg>css=.form__button</arg>
<doc>Click the element identified by ``locator``.</doc>
<msg timestamp="20230605 19:01:51.286" level="INFO">Clicking element 'css=.form__button'.</msg>
<status status="PASS" starttime="20230605 19:01:51.286" endtime="20230605 19:01:51.565"/>
</kw>
<kw name="Click Element" library="SeleniumLibrary">
<arg>css=.alert__button</arg>
<doc>Click the element identified by ``locator``.</doc>
<msg timestamp="20230605 19:01:51.568" level="INFO">Clicking element 'css=.alert__button'.</msg>
<status status="PASS" starttime="20230605 19:01:51.567" endtime="20230605 19:01:51.627"/>
</kw>
<status status="PASS" starttime="20230605 19:01:46.980" endtime="20230605 19:01:51.630"/>
</test>
<status status="PASS" starttime="20230605 19:01:25.470" endtime="20230605 19:01:51.632"/>
</suite>
<statistics>
<total>
<stat pass="5" fail="0" skip="0">All Tests</stat>
</total>
<tag>
</tag>
<suite>
<stat pass="5" fail="0" skip="0" id="s1" name="File">File</stat>
</suite>
</statistics>
<errors>
</errors>
</robot>
